<?xml version="1.0" encoding="UTF-8"?>
<!-- Generated by org.testng.reporters.JUnitXMLReporter -->
<testsuite hostname="lionliliya-SATELLITE-C55-A-19K" name="TestNG suite" tests="3" failures="0" timestamp="8 Apr 2016 09:26:52 GMT" time="0.232" errors="0">
  <testcase name="threadsEqualsElementsTest" time="0.148" classname="ua.kiev.PhaserImplementation.PhaserImplementationTest"/>
  <testcase name="threadsMoreThanValues" time="0.049" classname="ua.kiev.PhaserImplementation.PhaserImplementationTest"/>
  <testcase name="valuesMoreThanThreads" time="0.015" classname="ua.kiev.PhaserImplementation.PhaserImplementationTest"/>
</testsuite> <!-- TestNG suite -->
